<?xml version="1.0" encoding="UTF-8"?>
<Site BuildName="(empty)"
	BuildStamp="20250403-0632-Experimental"
	Name="sathya-ASUS-EXPERTBOOK-B1500CBA-B1500CBA"
	Generator="ctest-3.22.1"
	CompilerName="/usr/bin/c++"
	CompilerVersion="13.1.0"
	OSName="Linux"
	Hostname="sathya-ASUS-EXPERTBOOK-B1500CBA-B1500CBA"
	OSRelease="6.8.0-57-generic"
	OSVersion="#59~22.04.1-Ubuntu SMP PREEMPT_DYNAMIC Wed Mar 19 17:07:41 UTC 2"
	OSPlatform="x86_64"
	Is64Bits="1"
	VendorString="GenuineIntel"
	VendorID="Intel Corporation"
	FamilyID="6"
	ModelID="154"
	ProcessorCacheSize="12288"
	NumberOfLogicalCPU="12"
	NumberOfPhysicalCPU="10"
	TotalVirtualMemory="2047"
	TotalPhysicalMemory="31788"
	LogicalProcessorsPerPhysical="1"
	ProcessorClockFrequency="3998.46"
	>
	<Testing>
		<StartDateTime>Apr 03 13:00 +0530</StartDateTime>
		<StartTestTime>1743665436</StartTestTime>
		<TestList/>
		<EndDateTime>Apr 03 13:00 +0530</EndDateTime>
		<EndTestTime>1743665436</EndTestTime>
		<ElapsedMinutes>0</ElapsedMinutes>
	</Testing>
</Site>
